SonarQube plugins:
  - Python Code Quality and Security 3.6.0.8488 (python)
  - CSS Code Quality and Security 1.4.2.2002 (cssfamily)
  - Go Code Quality and Security 1.8.3.2219 (go)
  - JaCoCo 1.1.1.1157 (jacoco)
  - Kotlin Code Quality and Security 2.2.0.499 (kotlin)
  - JavaScript/TypeScript Code Quality and Security 8.4.0.16431 (javascript)
  - Ruby Code Quality and Security 1.8.3.2219 (ruby)
  - Scala Code Quality and Security 1.8.3.2219 (sonarscala)
  - C# Code Quality and Security 8.29.0.36737 (csharp)
  - Java Code Quality and Security 7.3.0.27589 (java)
  - HTML Code Quality and Security 3.4.0.2754 (web)
  - Flex Code Quality and Security 2.6.2.2641 (flex)
  - XML Code Quality and Security 2.3.0.3155 (xml)
  - PHP Code Quality and Security 3.20.0.8080 (php)
  - VB.NET Code Quality and Security 8.29.0.36737 (vbnet)
Global server settings:
  - sonar.core.id=BF41A1F2-AXwUZ1wz00IGUiCgcGvb
  - sonar.core.startTime=2023-08-23T14:06:08+0200
  - sonar.forceAuthentication=true
  - sonar.scm.disabled=true
Project server settings:
Project scanner properties:
  - sonar.binaries=/home/s/sangenif/Bureau/PC/DM/persistence1/persistence/target/classes
  - sonar.groovy.binaries=/home/s/sangenif/Bureau/PC/DM/persistence1/persistence/target/classes
  - sonar.host.url=http://im2ag-sonar.u-ga.fr:9000
  - sonar.java.binaries=/home/s/sangenif/Bureau/PC/DM/persistence1/persistence/target/classes
  - sonar.java.jdkHome=/usr/lib/jvm/jdk-13.0.2
  - sonar.java.libraries=/home/s/sangenif/.m2/repository/org/glassfish/javax.json/1.1.4/javax.json-1.1.4.jar
  - sonar.java.source=1.8
  - sonar.java.target=1.8
  - sonar.java.test.binaries=/home/s/sangenif/Bureau/PC/DM/persistence1/persistence/target/test-classes
  - sonar.java.test.libraries=/home/s/sangenif/Bureau/PC/DM/persistence1/persistence/target/classes,/home/s/sangenif/.m2/repository/org/glassfish/javax.json/1.1.4/javax.json-1.1.4.jar,/home/s/sangenif/.m2/repository/org/junit/jupiter/junit-jupiter-engine/5.4.0/junit-jupiter-engine-5.4.0.jar,/home/s/sangenif/.m2/repository/org/apiguardian/apiguardian-api/1.0.0/apiguardian-api-1.0.0.jar,/home/s/sangenif/.m2/repository/org/junit/platform/junit-platform-engine/1.4.0/junit-platform-engine-1.4.0.jar,/home/s/sangenif/.m2/repository/org/opentest4j/opentest4j/1.1.1/opentest4j-1.1.1.jar,/home/s/sangenif/.m2/repository/org/junit/platform/junit-platform-commons/1.4.0/junit-platform-commons-1.4.0.jar,/home/s/sangenif/.m2/repository/org/junit/jupiter/junit-jupiter-api/5.4.0/junit-jupiter-api-5.4.0.jar
  - sonar.junit.reportPaths=/home/s/sangenif/Bureau/PC/DM/persistence1/persistence/target/surefire-reports
  - sonar.junit.reportsPath=/home/s/sangenif/Bureau/PC/DM/persistence1/persistence/target/surefire-reports
  - sonar.libraries=/home/s/sangenif/.m2/repository/org/glassfish/javax.json/1.1.4/javax.json-1.1.4.jar
  - sonar.links.ci=
  - sonar.links.homepage=
  - sonar.links.issue=
  - sonar.links.scm=
  - sonar.links.scm_dev=
  - sonar.login=******
  - sonar.moduleKey=fr.uga.miage.m1:Persistence_g2_2
  - sonar.projectBaseDir=/home/s/sangenif/Bureau/PC/DM/persistence1/persistence
  - sonar.projectBuildDir=/home/s/sangenif/Bureau/PC/DM/persistence1/persistence/target
  - sonar.projectKey=fr.uga.miage.m1:Persistence_g2_2
  - sonar.projectName=Persistence_g2_2
  - sonar.projectVersion=0.0.1-SNAPSHOT
  - sonar.scanner.app=ScannerMaven
  - sonar.scanner.appVersion=3.10.0.2594/3.8.7
  - sonar.sourceEncoding=ISO-8859-1
  - sonar.sources=/home/s/sangenif/Bureau/PC/DM/persistence1/persistence/pom.xml,/home/s/sangenif/Bureau/PC/DM/persistence1/persistence/src/main/java
  - sonar.tests=/home/s/sangenif/Bureau/PC/DM/persistence1/persistence/src/test/java
  - sonar.verbose=true
  - sonar.working.directory=/home/s/sangenif/Bureau/PC/DM/persistence1/persistence/target/sonar
